[debug] [2022-09-12T09:36:00.094Z] ----------------------------------------------------------------------
[debug] [2022-09-12T09:36:00.096Z] Command:       C:\Program Files\nodejs\node.exe C:\Users\Admin\AppData\Roaming\npm\node_modules\firebase-tools\lib\bin\firebase.js deploy
[debug] [2022-09-12T09:36:00.097Z] CLI Version:   11.2.0
[debug] [2022-09-12T09:36:00.097Z] Platform:      win32
[debug] [2022-09-12T09:36:00.097Z] Node Version:  v16.13.0
[debug] [2022-09-12T09:36:00.098Z] Time:          Mon Sep 12 2022 15:06:00 GMT+0530 (India Standard Time)
[debug] [2022-09-12T09:36:00.098Z] ----------------------------------------------------------------------
[debug] 
[debug] [2022-09-12T09:36:00.177Z] > refreshing access token with scopes: []
[debug] [2022-09-12T09:36:00.179Z] >>> [apiv2][query] POST https://www.googleapis.com/oauth2/v3/token [none]
[debug] [2022-09-12T09:36:00.179Z] >>> [apiv2][body] POST https://www.googleapis.com/oauth2/v3/token [omitted]
[debug] [2022-09-12T09:36:00.708Z] <<< [apiv2][status] POST https://www.googleapis.com/oauth2/v3/token 200
[debug] [2022-09-12T09:36:00.709Z] <<< [apiv2][body] POST https://www.googleapis.com/oauth2/v3/token [omitted]
[debug] [2022-09-12T09:36:00.749Z] >>> [apiv2][query] GET https://firebase.googleapis.com/v1beta1/projects/undefined [none]
[debug] [2022-09-12T09:36:01.495Z] <<< [apiv2][status] GET https://firebase.googleapis.com/v1beta1/projects/undefined 403
[debug] [2022-09-12T09:36:01.496Z] <<< [apiv2][body] GET https://firebase.googleapis.com/v1beta1/projects/undefined {"error":{"code":403,"message":"The caller does not have permission","status":"PERMISSION_DENIED"}}
[debug] [2022-09-12T09:36:01.497Z] HTTP Error: 403, The caller does not have permission
[debug] [2022-09-12T09:36:02.929Z] FirebaseError: HTTP Error: 403, The caller does not have permission
    at responseToError (C:\Users\Admin\AppData\Roaming\npm\node_modules\firebase-tools\lib\responseToError.js:49:12)
    at RetryOperation._fn (C:\Users\Admin\AppData\Roaming\npm\node_modules\firebase-tools\lib\apiv2.js:287:77)
    at processTicksAndRejections (node:internal/process/task_queues:96:5)
[error] 
[error] Error: Failed to get Firebase project undefined. Please make sure the project exists and your account has permission to access it.
